<?xml version="1.0" encoding="UTF-8"?>
<!-- Generated by org.testng.reporters.JUnitReportReporter -->
<testsuite hostname="MSI" failures="0" tests="1" name="BasicsTestng.Class4" time="0.008" errors="0" timestamp="2022-06-16T17:41:11 IST" skipped="0">
  <testcase classname="BasicsTestng.Class4" name="verifyDashboard" time="0.008"/>
  <system-out/>
</testsuite> <!-- BasicsTestng.Class4 -->
