<?xml version="1.0" encoding="UTF-8"?>
<!-- Generated by org.testng.reporters.JUnitReportReporter -->
<testsuite hostname="MSI" failures="0" tests="1" name="testcases.LoginTest" time="10.745" errors="0" timestamp="2022-06-16T17:41:11 IST" skipped="0">
  <testcase classname="testcases.LoginTest" name="loginTest" time="10.745"/>
  <system-out/>
</testsuite> <!-- testcases.LoginTest -->
